0 info it worked if it ends with ok
1 verbose cli [ '/usr/local/bin/node',
1 verbose cli   '/Users/ashlinaronin/.npm-packages/bin/npm',
1 verbose cli   'start',
1 verbose cli   '5000' ]
2 info using npm@4.0.2
3 info using node@v5.4.1
4 verbose run-script [ 'prestart', 'start', 'poststart' ]
5 info lifecycle phone-tree@0.0.0~prestart: phone-tree@0.0.0
6 silly lifecycle phone-tree@0.0.0~prestart: no script for prestart, continuing
7 info lifecycle phone-tree@0.0.0~start: phone-tree@0.0.0
8 verbose lifecycle phone-tree@0.0.0~start: unsafe-perm in lifecycle true
9 verbose lifecycle phone-tree@0.0.0~start: PATH: /Users/ashlinaronin/.npm-packages/lib/node_modules/npm/bin/node-gyp-bin:/Users/ashlinaronin/Development/phone-tree/node_modules/.bin:/usr/local/sbin:/Users/ashlinaronin/anaconda/bin:/Users/ashlinaronin/.npm-packages/bin:/Users/ashlinaronin/.composer/vendor/bin:/usr/bin:/bin:/usr/sbin:/sbin:/usr/local/bin
10 verbose lifecycle phone-tree@0.0.0~start: CWD: /Users/ashlinaronin/Development/phone-tree
11 silly lifecycle phone-tree@0.0.0~start: Args: [ '-c', 'node ./bin/www "5000"' ]
12 silly lifecycle phone-tree@0.0.0~start: Returned: code: 1  signal: null
13 info lifecycle phone-tree@0.0.0~start: Failed to exec start script
14 verbose stack Error: phone-tree@0.0.0 start: `node ./bin/www "5000"`
14 verbose stack Exit status 1
14 verbose stack     at EventEmitter.<anonymous> (/Users/ashlinaronin/.npm-packages/lib/node_modules/npm/lib/utils/lifecycle.js:279:16)
14 verbose stack     at emitTwo (events.js:87:13)
14 verbose stack     at EventEmitter.emit (events.js:172:7)
14 verbose stack     at ChildProcess.<anonymous> (/Users/ashlinaronin/.npm-packages/lib/node_modules/npm/lib/utils/spawn.js:40:14)
14 verbose stack     at emitTwo (events.js:87:13)
14 verbose stack     at ChildProcess.emit (events.js:172:7)
14 verbose stack     at maybeClose (internal/child_process.js:821:16)
14 verbose stack     at Process.ChildProcess._handle.onexit (internal/child_process.js:211:5)
15 verbose pkgid phone-tree@0.0.0
16 verbose cwd /Users/ashlinaronin/Development/phone-tree
17 error Darwin 13.4.0
18 error argv "/usr/local/bin/node" "/Users/ashlinaronin/.npm-packages/bin/npm" "start" "5000"
19 error node v5.4.1
20 error npm  v4.0.2
21 error code ELIFECYCLE
22 error phone-tree@0.0.0 start: `node ./bin/www "5000"`
22 error Exit status 1
23 error Failed at the phone-tree@0.0.0 start script 'node ./bin/www "5000"'.
23 error Make sure you have the latest version of node.js and npm installed.
23 error If you do, this is most likely a problem with the phone-tree package,
23 error not with npm itself.
23 error Tell the author that this fails on your system:
23 error     node ./bin/www "5000"
23 error You can get information on how to open an issue for this project with:
23 error     npm bugs phone-tree
23 error Or if that isn't available, you can get their info via:
23 error     npm owner ls phone-tree
23 error There is likely additional logging output above.
24 verbose exit [ 1, true ]
